TEG.DE
307.F
NET
NVDA
MTCH
AT1.F
NFLX
VNA.DE
INTC
STX
DWNI.DE
AMD
ADS.DE
TCEHY
PUM.DE
CRM
VVD.DE
SONY
BAC
FFIV
TTWO
BABA
AKAM
SAP
DIS
BA
AMZN
MBG.DE
JPM
SSUN.F
PYPL
BNS.TO
C
NKE
GOOG
TSFA.F
ALV.DE
MMM
GFC.PA
CAT
ADBE
USB
45C.F
VOW3.DE
CSCO
T
DOV
MSFT
SAM
LOW
DE
NTO.F
WMT
PG
PFE
CARR
2HL.F
AIR.DE
BLK
HD
2B76.DE
LDOS
COST
MA
RY.TO
1YD.F
PANW
AWK
AAPL
V
JNJ
EA
HXL
XYL
LMT
MOH.F
MS
CSA.F
L0CK.DE
IS3R.DE
TCS.F
MC.PA
OR.PA
LYM8.DE
IT
IQQQ.DE
HRB
GS
NESM.F
KO
X010.DE
CL
TT
NDAQ
IUSA.DE
PEP
ATVI
UNH
HSY
PGR